arch/arm/mach-mx28/Kconfig:18:warning: defaults for choice values not supported
drivers/net/wireless/bcmdhd/Kconfig:45:warning: defaults for choice values not supported
arch/arm/mm/init.c: In function 'mem_init':
arch/arm/mm/init.c:644: warning: format '%08lx' expects type 'long unsigned int', but argument 12 has type 'unsigned int'
arch/arm/plat-mxs/core.c:138: warning: data definition has no type or storage class
arch/arm/plat-mxs/core.c:138: warning: type defaults to 'int' in declaration of 'EXPORT_SYMBOL_GPL'
arch/arm/plat-mxs/core.c:138: warning: parameter names (without types) in function declaration
In file included from arch/arm/mach-mx28/clock.c:32:
arch/arm/mach-mx28/emi_settings.h:30: warning: function declaration isn't a prototype
arch/arm/mach-mx28/emi_settings.h:37: warning: function declaration isn't a prototype
arch/arm/plat-mxs/core.c: In function 'mxs_reset_block':
arch/arm/plat-mxs/core.c:128: warning: 'r' may be used uninitialized in this function
arch/arm/mach-mx28/clock.c: In function 'hsadc_set_rate':
arch/arm/mach-mx28/clock.c:1353: warning: format '%u' expects type 'unsigned int', but argument 3 has type 'long unsigned int'
arch/arm/mach-mx28/clock.c: At top level:
arch/arm/mach-mx28/clock.c:1484: warning: initialization from incompatible pointer type
arch/arm/mach-mx28/clock.c:1485: warning: initialization from incompatible pointer type
arch/arm/mach-mx28/clock.c:1500: warning: initialization from incompatible pointer type
arch/arm/mach-mx28/clock.c:1501: warning: initialization from incompatible pointer type
arch/arm/mach-mx28/clock.c: In function 'saif_set_rate':
arch/arm/mach-mx28/clock.c:1529: warning: format '%d' expects type 'int', but argument 4 has type 'long unsigned int'
arch/arm/mach-mx28/clock.c: At top level:
arch/arm/mach-mx28/clock.c:1608: warning: initialization from incompatible pointer type
arch/arm/mach-mx28/clock.c:1617: warning: initialization from incompatible pointer type
arch/arm/mach-mx28/clock.c:1662: warning: initialization from incompatible pointer type
arch/arm/mach-mx28/clock.c:1663: warning: initialization from incompatible pointer type
arch/arm/mach-mx28/clock.c:1672: warning: initialization from incompatible pointer type
arch/arm/mach-mx28/clock.c:1673: warning: initialization from incompatible pointer type
arch/arm/mach-mx28/device.c:1586: warning: return type defaults to 'int'
arch/arm/mach-mx28/device.c:1935: warning: initialization makes integer from pointer without a cast
arch/arm/mach-mx28/device.c: In function 'mx28_init_spdif':
arch/arm/mach-mx28/device.c:1587: warning: control reaches end of non-void function
arch/arm/mach-mx28/device.c: At top level:
arch/arm/mach-mx28/device.c:794: warning: 'spi2_data' defined but not used
arch/arm/mach-mx28/device.c:801: warning: 'ssp2_resources' defined but not used
arch/arm/mach-mx28/device.c:1512: warning: 'audio_clk_finit' defined but not used
arch/arm/mach-mx28/mx28evk.c:76: warning: 'mx28_spi_flash_data' defined but not used
arch/arm/mach-mx28/mx28evk_pins.c:725: warning: large integer implicitly truncated to unsigned type
arch/arm/mach-mx28/mx28evk_pins.c:1275: warning: large integer implicitly truncated to unsigned type
In file included from arch/arm/mach-mx28/emi_settings.c:35:
arch/arm/mach-mx28/emi_settings.h:30: warning: function declaration isn't a prototype
arch/arm/mach-mx28/emi_settings.h:37: warning: function declaration isn't a prototype
arch/arm/mach-mx28/emi_settings.c:42: warning: function declaration isn't a prototype
arch/arm/mach-mx28/emi_settings.c:50: warning: function declaration isn't a prototype
defined(@array) is deprecated at kernel/timeconst.pl line 373.
	(Maybe you should just omit the defined()?)
drivers/i2c/busses/i2c-mxs.c:78: warning: return type defaults to 'int'
drivers/i2c/busses/i2c-mxs.c: In function 'mxs_i2c_reset':
drivers/i2c/busses/i2c-mxs.c:83: warning: control reaches end of non-void function
fs/udf/balloc.c: In function 'udf_bitmap_new_block':
fs/udf/balloc.c:263: warning: passing argument 1 of '_find_next_bit_le' from incompatible pointer type
/root/imx/imx_linux/arch/arm/include/asm/bitops.h:163: note: expected 'const long unsigned int *' but argument is of type 'char *'
fs/udf/balloc.c:275: warning: passing argument 1 of '_find_next_bit_le' from incompatible pointer type
/root/imx/imx_linux/arch/arm/include/asm/bitops.h:163: note: expected 'const long unsigned int *' but argument is of type 'char *'
fs/udf/balloc.c:301: warning: passing argument 1 of '_find_next_bit_le' from incompatible pointer type
/root/imx/imx_linux/arch/arm/include/asm/bitops.h:163: note: expected 'const long unsigned int *' but argument is of type 'char *'
fs/udf/balloc.c:315: warning: passing argument 1 of '_find_next_bit_le' from incompatible pointer type
/root/imx/imx_linux/arch/arm/include/asm/bitops.h:163: note: expected 'const long unsigned int *' but argument is of type 'char *'
drivers/leds/leds-mxs.c: In function 'mxs_led_probe':
drivers/leds/leds-mxs.c:75: warning: unused variable 'res'
drivers/leds/leds-mxs.c: In function 'mxs_led_remove':
drivers/leds/leds-mxs.c:125: warning: unused variable 'pwm'
drivers/leds/leds-mxs.c:124: warning: unused variable 'i'
drivers/mmc/host/mxs-mmc.c: In function 'mxs_mmc_bc':
drivers/mmc/host/mxs-mmc.c:252: warning: unused variable 'flags'
drivers/mmc/host/mxs-mmc.c: In function 'mxs_mmc_ac':
drivers/mmc/host/mxs-mmc.c:301: warning: unused variable 'flags'
drivers/mmc/host/mxs-mmc.c: In function 'mxs_mmc_adtc':
drivers/mmc/host/mxs-mmc.c:471: warning: unused variable 'flags'
drivers/net/fec.c: In function 'fec_enet_tx':
drivers/net/fec.c:418: warning: unused variable 'estatus'
drivers/net/fec.c: In function 'fec_probe':
drivers/net/fec.c:1512: warning: statement with no effect
drivers/net/fec.c:1516: warning: statement with no effect
drivers/net/fec.c:1535: warning: statement with no effect
drivers/mtd/nand/gpmi-nfc/gpmi-nfc-mil.c: In function 'mil_ecc_write_oob':
drivers/mtd/nand/gpmi-nfc/gpmi-nfc-mil.c:989: warning: unused variable 'dev'
sound/soc/codecs/uda1380.c: In function 'uda1380_set_bias_level':
sound/soc/codecs/uda1380.c:566: warning: unused variable 'pm'
sound/soc/codecs/uda1380.c: In function 'uda1380_register':
sound/soc/codecs/uda1380.c:846: warning: label 'err_out' defined but not used
sound/soc/codecs/uda1380.c:765: warning: unused variable 'pdata'
sound/soc/codecs/uda1380.c: In function 'uda1380_unregister':
sound/soc/codecs/uda1380.c:853: warning: unused variable 'pdata'
sound/soc/codecs/uda1380.c: At top level:
sound/soc/codecs/uda1380.c:261: warning: 'dec_tlv' defined but not used
sound/soc/mxs/mxs-dai.c: In function 'mxs_saif_set_dai_sysclk':
sound/soc/mxs/mxs-dai.c:212: warning: unused variable 'scr'
drivers/serial/serial_core.c: In function 'uart_resume_port':
drivers/serial/serial_core.c:2102: warning: unused variable 'termios'
drivers/serial/mxs-duart.c:771: warning: initialization from incompatible pointer type
lib/decompress_bunzip2.c: In function 'get_next_block':
lib/decompress_bunzip2.c:511: warning: the frame size of 1896 bytes is larger than 1024 bytes
drivers/usb/host/ehci-hub.c:109: warning: 'ehci_adjust_port_wakeup_flags' defined but not used
drivers/usb/otg/fsl_otg.c:420: warning: 'fsl_otg_clk_ctl' defined but not used
drivers/usb/otg/fsl_otg.c:429: warning: 'fsl_otg_loading_monitor' defined but not used
drivers/video/backlight/mxs_bl.c: In function 'mxsbl_do_probe':
drivers/video/backlight/mxs_bl.c:278: warning: suggest explicit braces to avoid ambiguous 'else'
drivers/video/mxs/mxsfb.c: In function 'mxsfb_set_par':
drivers/video/mxs/mxsfb.c:415: warning: statement with no effect
drivers/video/mxs/mxsfb.c:416: warning: statement with no effect
drivers/video/mxs/mxsfb.c:417: warning: statement with no effect
drivers/video/mxs/mxsfb.c: In function 'mxsfb_check_var':
drivers/video/mxs/mxsfb.c:470: warning: statement with no effect
drivers/video/mxs/mxsfb.c:509: warning: statement with no effect
drivers/video/mxs/mxsfb.c: In function 'mxsfb_notifier':
drivers/video/mxs/mxsfb.c:685: warning: statement with no effect
drivers/video/mxs/mxsfb.c: In function 'mxsfb_probe':
drivers/video/mxs/mxsfb.c:715: warning: statement with no effect
drivers/video/mxs/mxsfb.c:722: warning: statement with no effect
drivers/video/mxs/mxsfb.c:732: warning: statement with no effect
drivers/video/mxs/mxsfb.c:737: warning: statement with no effect
